Traceback (most recent call last):
  File "/opt/hostedtoolcache/Python/3.8.13/x64/lib/python3.8/site-packages/jupyter_cache/executors/utils.py", line 51, in single_nb_execution
    executenb(
  File "/opt/hostedtoolcache/Python/3.8.13/x64/lib/python3.8/site-packages/nbclient/client.py", line 1204, in execute
    return NotebookClient(nb=nb, resources=resources, km=km, **kwargs).execute()
  File "/opt/hostedtoolcache/Python/3.8.13/x64/lib/python3.8/site-packages/nbclient/util.py", line 84, in wrapped
    return just_run(coro(*args, **kwargs))
  File "/opt/hostedtoolcache/Python/3.8.13/x64/lib/python3.8/site-packages/nbclient/util.py", line 62, in just_run
    return loop.run_until_complete(coro)
  File "/opt/hostedtoolcache/Python/3.8.13/x64/lib/python3.8/asyncio/base_events.py", line 616, in run_until_complete
    return future.result()
  File "/opt/hostedtoolcache/Python/3.8.13/x64/lib/python3.8/site-packages/nbclient/client.py", line 663, in async_execute
    await self.async_execute_cell(
  File "/opt/hostedtoolcache/Python/3.8.13/x64/lib/python3.8/site-packages/nbclient/client.py", line 965, in async_execute_cell
    await self._check_raise_for_error(cell, cell_index, exec_reply)
  File "/opt/hostedtoolcache/Python/3.8.13/x64/lib/python3.8/site-packages/nbclient/client.py", line 862, in _check_raise_for_error
    raise CellExecutionError.from_cell_and_msg(cell, exec_reply_content)
nbclient.exceptions.CellExecutionError: An error occurred while executing the following cell:
------------------
import matplotlib
%matplotlib widget
import numpy as np
import nglview as nv
import pandas as pd
import mdtraj as md
import sklearn as sk
import matplotlib.pyplot as plt

def pickle_load(path):
    """Load object from pickle file, given by path"""
    import pickle
    with open(path, "rb") as f:
        object = pickle.load(f)
    return object


def link_ngl_wdgt_to_ax_pos(ax, pos, ngl_widget):
    """source: https://github.com/gph82/nglview_notebooks"""
    from matplotlib.widgets import AxesWidget
    from scipy.spatial import cKDTree
    r"""
    Initial idea for this function comes from @arose, the rest is @gph82 and @clonker
    """

    kdtree = cKDTree(pos)
    assert ngl_widget.trajectory_0.n_frames == pos.shape[0]
    x, y = pos.T

    lineh = ax.axhline(ax.get_ybound()[0], c="black", ls='--')
    linev = ax.axvline(ax.get_xbound()[0], c="black", ls='--')
    dot, = ax.plot(pos[0,0],pos[0,1], 'o', c='red', ms=7)

    ngl_widget.isClick = False

    def onclick(event):
        linev.set_xdata((event.xdata, event.xdata))
        lineh.set_ydata((event.ydata, event.ydata))
        data = [event.xdata, event.ydata]
        _, index = kdtree.query(x=data, k=1)
        dot.set_xdata((x[index]))
        dot.set_ydata((y[index]))
        ngl_widget.isClick = True
        ngl_widget.frame = index

    def my_observer(change):
        r"""Here comes the code that you want to execute
        """
        ngl_widget.isClick = False
        _idx = change["new"]
        try:
            dot.set_xdata((x[_idx]))
            dot.set_ydata((y[_idx]))
        except IndexError as e:
            dot.set_xdata((x[0]))
            dot.set_ydata((y[0]))
            print("caught index error with index %s (new=%s, old=%s)" % (_idx, change["new"], change["old"]))

    # Connect axes to widget
    axes_widget = AxesWidget(ax)
    axes_widget.connect_event('button_release_event', onclick)

    # Connect widget to axes
    ngl_widget.observe(my_observer, "frame", "change")
    

folder = "test_report/assets/22/"
topology = f"{folder}mc_gas.prmtop"
trajectory = f"{folder}ed6dd3148ef9b069_short-traj.netcdf"
dihedral_file = f"{folder}ed6dd3148ef9b069_dihedrals_short.dat"
dpca_file = f"{folder}ed6dd3148ef9b069_dPCA.dat"
weight_file = f"{folder}ed6dd3148ef9b069_dPCA_weights_MC_short.dat"
------------------

[0;31m---------------------------------------------------------------------------[0m
[0;31mModuleNotFoundError[0m                       Traceback (most recent call last)
Input [0;32mIn [1][0m, in [0;36m<cell line: 6>[0;34m()[0m
[1;32m      4[0m [38;5;28;01mimport[39;00m [38;5;21;01mnglview[39;00m [38;5;28;01mas[39;00m [38;5;21;01mnv[39;00m
[1;32m      5[0m [38;5;28;01mimport[39;00m [38;5;21;01mpandas[39;00m [38;5;28;01mas[39;00m [38;5;21;01mpd[39;00m
[0;32m----> 6[0m [38;5;28;01mimport[39;00m [38;5;21;01mmdtraj[39;00m [38;5;28;01mas[39;00m [38;5;21;01mmd[39;00m
[1;32m      7[0m [38;5;28;01mimport[39;00m [38;5;21;01msklearn[39;00m [38;5;28;01mas[39;00m [38;5;21;01msk[39;00m
[1;32m      8[0m [38;5;28;01mimport[39;00m [38;5;21;01mmatplotlib[39;00m[38;5;21;01m.[39;00m[38;5;21;01mpyplot[39;00m [38;5;28;01mas[39;00m [38;5;21;01mplt[39;00m

[0;31mModuleNotFoundError[0m: No module named 'mdtraj'
ModuleNotFoundError: No module named 'mdtraj'

